2025-11-15 17:32:50,863 - __main__ - ERROR - Traceback (most recent call last):
  File "C:\Users\LENOVO\Downloads\ETL\etl\run_etl.py", line 24, in run_etl_pipeline
    from transform import DataTransformer
ModuleNotFoundError: No module named 'transform'

2025-11-15 17:33:04,268 - __main__ - INFO - === FASE 1: EXTRACCIÓN ===
2025-11-15 17:33:04,272 - extract - INFO - Leyendo archivo Excel: C:\Users\LENOVO\Downloads\ETL\data\BD_SENSORES.xlsx
2025-11-15 17:33:04,733 - extract - INFO - Hojas encontradas: ['SENP1', 'SENP2', 'SENP3', 'SENP4', 'SENP5', 'SEN_V', 'SEN_SP1', 'SEN_SP2', 'SEN_GAR1', 'SEN_GAR2', 'SEN_PUL1', 'SEN_PUL2', 'SEN_ANTI', 'SEN_SPI1', 'SEN_SPI2', 'SEN_MAR', 'EMG']
2025-11-15 17:33:04,735 - extract - INFO - Extrayendo datos de SENP1
2025-11-15 17:33:04,837 - extract - INFO - Extrayendo datos de SENP2
2025-11-15 17:33:04,925 - extract - INFO - Extrayendo datos de SENP3
2025-11-15 17:33:05,018 - extract - INFO - Extrayendo datos de SENP4
2025-11-15 17:33:05,101 - extract - INFO - Extrayendo datos de SENP5
2025-11-15 17:33:05,210 - extract - INFO - Extrayendo datos de SEN_V
2025-11-15 17:33:05,291 - extract - INFO - Extrayendo datos de SEN_SP1
2025-11-15 17:33:05,394 - extract - INFO - Extrayendo datos de SEN_SP2
2025-11-15 17:33:05,466 - extract - INFO - Extrayendo datos de SEN_GAR1
2025-11-15 17:33:05,553 - extract - INFO - Extrayendo datos de SEN_GAR2
2025-11-15 17:33:05,646 - extract - INFO - Extrayendo datos de SEN_PUL1
2025-11-15 17:33:05,728 - extract - INFO - Extrayendo datos de SEN_PUL2
2025-11-15 17:33:05,828 - extract - INFO - Extrayendo datos de SEN_ANTI
2025-11-15 17:33:05,905 - extract - INFO - Extrayendo datos de SEN_SPI1
2025-11-15 17:33:06,006 - extract - INFO - Extrayendo datos de SEN_SPI2
2025-11-15 17:33:06,080 - extract - INFO - Extrayendo datos de SEN_MAR
2025-11-15 17:33:06,183 - extract - INFO - Extrayendo datos de EMG
2025-11-15 17:33:06,506 - extract - INFO - Extracción completada. 17 hojas procesadas
2025-11-15 17:33:06,506 - __main__ - INFO - === FASE 2: TRANSFORMACIÓN ===
2025-11-15 17:33:06,506 - Transform - INFO - Iniciando transformación de 17 hojas
2025-11-15 17:33:06,506 - Transform - INFO - Transformando SENP1
2025-11-15 17:33:06,506 - Transform - INFO -   Dimensiones: (32, 61)
2025-11-15 17:33:06,506 - Transform - INFO -   Columnas: [0, 1, 2, 3, 4, 5, 6, 7, 8, 9, 10, 11, 12, 13, 14, 15, 16, 17, 18, 19, 20, 21, 22, 23, 24, 25, 26, 27, 28, 29, 30, 31, 32, 33, 34, 35, 36, 37, 38, 39, 40, 41, 42, 43, 44, 45, 46, 47, 48, 49, 50, 51, 52, 53, 54, 55, 56, 57, 58, 59, 60]
2025-11-15 17:33:06,559 - Transform - WARNING - Índice 31 fuera de rango para DataFrame de tamaño 31
2025-11-15 17:33:06,566 - Transform - INFO - Estructurados 1597 registros para SENP1
2025-11-15 17:33:06,722 - Transform - INFO - Transformando SENP2
2025-11-15 17:33:06,723 - Transform - INFO -   Dimensiones: (32, 61)
2025-11-15 17:33:06,723 - Transform - INFO -   Columnas: [0, 1, 2, 3, 4, 5, 6, 7, 8, 9, 10, 11, 12, 13, 14, 15, 16, 17, 18, 19, 20, 21, 22, 23, 24, 25, 26, 27, 28, 29, 30, 31, 32, 33, 34, 35, 36, 37, 38, 39, 40, 41, 42, 43, 44, 45, 46, 47, 48, 49, 50, 51, 52, 53, 54, 55, 56, 57, 58, 59, 60]
2025-11-15 17:33:06,778 - Transform - WARNING - Índice 31 fuera de rango para DataFrame de tamaño 31
2025-11-15 17:33:06,784 - Transform - INFO - Estructurados 1597 registros para SENP2
2025-11-15 17:33:06,935 - Transform - INFO - Transformando SENP3
2025-11-15 17:33:06,935 - Transform - INFO -   Dimensiones: (32, 61)
2025-11-15 17:33:06,936 - Transform - INFO -   Columnas: [0, 1, 2, 3, 4, 5, 6, 7, 8, 9, 10, 11, 12, 13, 14, 15, 16, 17, 18, 19, 20, 21, 22, 23, 24, 25, 26, 27, 28, 29, 30, 31, 32, 33, 34, 35, 36, 37, 38, 39, 40, 41, 42, 43, 44, 45, 46, 47, 48, 49, 50, 51, 52, 53, 54, 55, 56, 57, 58, 59, 60]
2025-11-15 17:33:06,984 - Transform - WARNING - Índice 31 fuera de rango para DataFrame de tamaño 31
2025-11-15 17:33:06,989 - Transform - INFO - Estructurados 1597 registros para SENP3
2025-11-15 17:33:07,179 - Transform - INFO - Transformando SENP4
2025-11-15 17:33:07,179 - Transform - INFO -   Dimensiones: (32, 61)
2025-11-15 17:33:07,180 - Transform - INFO -   Columnas: [0, 1, 2, 3, 4, 5, 6, 7, 8, 9, 10, 11, 12, 13, 14, 15, 16, 17, 18, 19, 20, 21, 22, 23, 24, 25, 26, 27, 28, 29, 30, 31, 32, 33, 34, 35, 36, 37, 38, 39, 40, 41, 42, 43, 44, 45, 46, 47, 48, 49, 50, 51, 52, 53, 54, 55, 56, 57, 58, 59, 60]
2025-11-15 17:33:07,239 - Transform - WARNING - Índice 31 fuera de rango para DataFrame de tamaño 31
2025-11-15 17:33:07,243 - Transform - INFO - Estructurados 1597 registros para SENP4
2025-11-15 17:33:07,392 - Transform - INFO - Transformando SENP5
2025-11-15 17:33:07,393 - Transform - INFO -   Dimensiones: (32, 61)
2025-11-15 17:33:07,394 - Transform - INFO -   Columnas: [0, 1, 2, 3, 4, 5, 6, 7, 8, 9, 10, 11, 12, 13, 14, 15, 16, 17, 18, 19, 20, 21, 22, 23, 24, 25, 26, 27, 28, 29, 30, 31, 32, 33, 34, 35, 36, 37, 38, 39, 40, 41, 42, 43, 44, 45, 46, 47, 48, 49, 50, 51, 52, 53, 54, 55, 56, 57, 58, 59, 60]
2025-11-15 17:33:07,443 - Transform - WARNING - Índice 31 fuera de rango para DataFrame de tamaño 31
2025-11-15 17:33:07,447 - Transform - INFO - Estructurados 1597 registros para SENP5
2025-11-15 17:33:07,594 - Transform - INFO - Transformando SEN_V
2025-11-15 17:33:07,595 - Transform - INFO -   Dimensiones: (32, 61)
2025-11-15 17:33:07,595 - Transform - INFO -   Columnas: [0, 1, 2, 3, 4, 5, 6, 7, 8, 9, 10, 11, 12, 13, 14, 15, 16, 17, 18, 19, 20, 21, 22, 23, 24, 25, 26, 27, 28, 29, 30, 31, 32, 33, 34, 35, 36, 37, 38, 39, 40, 41, 42, 43, 44, 45, 46, 47, 48, 49, 50, 51, 52, 53, 54, 55, 56, 57, 58, 59, 60]
2025-11-15 17:33:07,641 - Transform - WARNING - Índice 31 fuera de rango para DataFrame de tamaño 31
2025-11-15 17:33:07,646 - Transform - INFO - Estructurados 1597 registros para SEN_V
2025-11-15 17:33:07,795 - Transform - INFO - Transformando SEN_SP1
2025-11-15 17:33:07,795 - Transform - INFO -   Dimensiones: (32, 61)
2025-11-15 17:33:07,795 - Transform - INFO -   Columnas: [0, 1, 2, 3, 4, 5, 6, 7, 8, 9, 10, 11, 12, 13, 14, 15, 16, 17, 18, 19, 20, 21, 22, 23, 24, 25, 26, 27, 28, 29, 30, 31, 32, 33, 34, 35, 36, 37, 38, 39, 40, 41, 42, 43, 44, 45, 46, 47, 48, 49, 50, 51, 52, 53, 54, 55, 56, 57, 58, 59, 60]
2025-11-15 17:33:07,850 - Transform - WARNING - Índice 31 fuera de rango para DataFrame de tamaño 31
2025-11-15 17:33:07,856 - Transform - INFO - Estructurados 1597 registros para SEN_SP1
2025-11-15 17:33:07,998 - Transform - INFO - Transformando SEN_SP2
2025-11-15 17:33:07,998 - Transform - INFO -   Dimensiones: (32, 61)
2025-11-15 17:33:07,999 - Transform - INFO -   Columnas: [0, 1, 2, 3, 4, 5, 6, 7, 8, 9, 10, 11, 12, 13, 14, 15, 16, 17, 18, 19, 20, 21, 22, 23, 24, 25, 26, 27, 28, 29, 30, 31, 32, 33, 34, 35, 36, 37, 38, 39, 40, 41, 42, 43, 44, 45, 46, 47, 48, 49, 50, 51, 52, 53, 54, 55, 56, 57, 58, 59, 60]
2025-11-15 17:33:08,059 - Transform - WARNING - Índice 31 fuera de rango para DataFrame de tamaño 31
2025-11-15 17:33:08,064 - Transform - INFO - Estructurados 1597 registros para SEN_SP2
2025-11-15 17:33:08,208 - Transform - INFO - Transformando SEN_GAR1
2025-11-15 17:33:08,208 - Transform - INFO -   Dimensiones: (32, 61)
2025-11-15 17:33:08,209 - Transform - INFO -   Columnas: [0, 1, 2, 3, 4, 5, 6, 7, 8, 9, 10, 11, 12, 13, 14, 15, 16, 17, 18, 19, 20, 21, 22, 23, 24, 25, 26, 27, 28, 29, 30, 31, 32, 33, 34, 35, 36, 37, 38, 39, 40, 41, 42, 43, 44, 45, 46, 47, 48, 49, 50, 51, 52, 53, 54, 55, 56, 57, 58, 59, 60]
2025-11-15 17:33:08,249 - Transform - WARNING - Índice 31 fuera de rango para DataFrame de tamaño 31
2025-11-15 17:33:08,257 - Transform - INFO - Estructurados 1597 registros para SEN_GAR1
2025-11-15 17:33:08,401 - Transform - INFO - Transformando SEN_GAR2
2025-11-15 17:33:08,402 - Transform - INFO -   Dimensiones: (32, 61)
2025-11-15 17:33:08,402 - Transform - INFO -   Columnas: [0, 1, 2, 3, 4, 5, 6, 7, 8, 9, 10, 11, 12, 13, 14, 15, 16, 17, 18, 19, 20, 21, 22, 23, 24, 25, 26, 27, 28, 29, 30, 31, 32, 33, 34, 35, 36, 37, 38, 39, 40, 41, 42, 43, 44, 45, 46, 47, 48, 49, 50, 51, 52, 53, 54, 55, 56, 57, 58, 59, 60]
2025-11-15 17:33:08,438 - Transform - WARNING - Índice 31 fuera de rango para DataFrame de tamaño 31
2025-11-15 17:33:08,451 - Transform - INFO - Estructurados 1597 registros para SEN_GAR2
2025-11-15 17:33:08,600 - Transform - INFO - Transformando SEN_PUL1
2025-11-15 17:33:08,601 - Transform - INFO -   Dimensiones: (32, 61)
2025-11-15 17:33:08,601 - Transform - INFO -   Columnas: [0, 1, 2, 3, 4, 5, 6, 7, 8, 9, 10, 11, 12, 13, 14, 15, 16, 17, 18, 19, 20, 21, 22, 23, 24, 25, 26, 27, 28, 29, 30, 31, 32, 33, 34, 35, 36, 37, 38, 39, 40, 41, 42, 43, 44, 45, 46, 47, 48, 49, 50, 51, 52, 53, 54, 55, 56, 57, 58, 59, 60]
2025-11-15 17:33:08,653 - Transform - WARNING - Índice 31 fuera de rango para DataFrame de tamaño 31
2025-11-15 17:33:08,661 - Transform - INFO - Estructurados 1597 registros para SEN_PUL1
2025-11-15 17:33:08,811 - Transform - INFO - Transformando SEN_PUL2
2025-11-15 17:33:08,811 - Transform - INFO -   Dimensiones: (32, 61)
2025-11-15 17:33:08,812 - Transform - INFO -   Columnas: [0, 1, 2, 3, 4, 5, 6, 7, 8, 9, 10, 11, 12, 13, 14, 15, 16, 17, 18, 19, 20, 21, 22, 23, 24, 25, 26, 27, 28, 29, 30, 31, 32, 33, 34, 35, 36, 37, 38, 39, 40, 41, 42, 43, 44, 45, 46, 47, 48, 49, 50, 51, 52, 53, 54, 55, 56, 57, 58, 59, 60]
2025-11-15 17:33:08,865 - Transform - WARNING - Índice 31 fuera de rango para DataFrame de tamaño 31
2025-11-15 17:33:08,871 - Transform - INFO - Estructurados 1597 registros para SEN_PUL2
2025-11-15 17:33:09,011 - Transform - INFO - Transformando SEN_ANTI
2025-11-15 17:33:09,012 - Transform - INFO -   Dimensiones: (32, 61)
2025-11-15 17:33:09,012 - Transform - INFO -   Columnas: [0, 1, 2, 3, 4, 5, 6, 7, 8, 9, 10, 11, 12, 13, 14, 15, 16, 17, 18, 19, 20, 21, 22, 23, 24, 25, 26, 27, 28, 29, 30, 31, 32, 33, 34, 35, 36, 37, 38, 39, 40, 41, 42, 43, 44, 45, 46, 47, 48, 49, 50, 51, 52, 53, 54, 55, 56, 57, 58, 59, 60]
2025-11-15 17:33:09,058 - Transform - WARNING - Índice 31 fuera de rango para DataFrame de tamaño 31
2025-11-15 17:33:09,061 - Transform - INFO - Estructurados 1597 registros para SEN_ANTI
2025-11-15 17:33:09,204 - Transform - INFO - Transformando SEN_SPI1
2025-11-15 17:33:09,205 - Transform - INFO -   Dimensiones: (32, 61)
2025-11-15 17:33:09,205 - Transform - INFO -   Columnas: [0, 1, 2, 3, 4, 5, 6, 7, 8, 9, 10, 11, 12, 13, 14, 15, 16, 17, 18, 19, 20, 21, 22, 23, 24, 25, 26, 27, 28, 29, 30, 31, 32, 33, 34, 35, 36, 37, 38, 39, 40, 41, 42, 43, 44, 45, 46, 47, 48, 49, 50, 51, 52, 53, 54, 55, 56, 57, 58, 59, 60]
2025-11-15 17:33:09,251 - Transform - WARNING - Índice 31 fuera de rango para DataFrame de tamaño 31
2025-11-15 17:33:09,257 - Transform - INFO - Estructurados 1597 registros para SEN_SPI1
2025-11-15 17:33:09,401 - Transform - INFO - Transformando SEN_SPI2
2025-11-15 17:33:09,401 - Transform - INFO -   Dimensiones: (32, 61)
2025-11-15 17:33:09,402 - Transform - INFO -   Columnas: [0, 1, 2, 3, 4, 5, 6, 7, 8, 9, 10, 11, 12, 13, 14, 15, 16, 17, 18, 19, 20, 21, 22, 23, 24, 25, 26, 27, 28, 29, 30, 31, 32, 33, 34, 35, 36, 37, 38, 39, 40, 41, 42, 43, 44, 45, 46, 47, 48, 49, 50, 51, 52, 53, 54, 55, 56, 57, 58, 59, 60]
2025-11-15 17:33:09,452 - Transform - WARNING - Índice 31 fuera de rango para DataFrame de tamaño 31
2025-11-15 17:33:09,460 - Transform - INFO - Estructurados 1597 registros para SEN_SPI2
2025-11-15 17:33:09,600 - Transform - INFO - Transformando SEN_MAR
2025-11-15 17:33:09,601 - Transform - INFO -   Dimensiones: (32, 61)
2025-11-15 17:33:09,601 - Transform - INFO -   Columnas: [0, 1, 2, 3, 4, 5, 6, 7, 8, 9, 10, 11, 12, 13, 14, 15, 16, 17, 18, 19, 20, 21, 22, 23, 24, 25, 26, 27, 28, 29, 30, 31, 32, 33, 34, 35, 36, 37, 38, 39, 40, 41, 42, 43, 44, 45, 46, 47, 48, 49, 50, 51, 52, 53, 54, 55, 56, 57, 58, 59, 60]
2025-11-15 17:33:09,658 - Transform - WARNING - Índice 31 fuera de rango para DataFrame de tamaño 31
2025-11-15 17:33:09,663 - Transform - INFO - Estructurados 1597 registros para SEN_MAR
2025-11-15 17:33:09,811 - Transform - INFO - Transformando EMG
2025-11-15 17:33:09,811 - Transform - INFO -   Dimensiones: (844, 61)
2025-11-15 17:33:09,812 - Transform - INFO -   Columnas: [0, 1, 2, 3, 4, 5, 6, 7, 8, 9, 10, 11, 12, 13, 14, 15, 16, 17, 18, 19, 20, 21, 22, 23, 24, 25, 26, 27, 28, 29, 30, 31, 32, 33, 34, 35, 36, 37, 38, 39, 40, 41, 42, 43, 44, 45, 46, 47, 48, 49, 50, 51, 52, 53, 54, 55, 56, 57, 58, 59, 60]
2025-11-15 17:33:10,739 - Transform - INFO - Estructurados 30289 registros para EMG
2025-11-15 17:33:10,923 - Transform - INFO - Análisis cruzado completado
2025-11-15 17:33:10,925 - Transform - INFO - Transformación completada
2025-11-15 17:33:10,926 - __main__ - INFO - === FASE 3: CARGA ===
2025-11-15 17:33:10,930 - load - INFO - Conectado a base de datos: C:\Users\LENOVO\Downloads\ETL\data\sensor_data.db
2025-11-15 17:33:10,997 - load - INFO - Total de registros a cargar: 55841
2025-11-15 17:33:11,293 - load - INFO - Tabla 'sensor_readings' creada con 55841 registros
2025-11-15 17:33:11,315 - load - INFO - Tabla 'sensor_statistics' creada con 1020 registros
2025-11-15 17:33:11,332 - load - INFO - Tabla 'quality_metrics' creada con 17 registros
